
> delivery-app@0.1.0 dev
> next dev -p 3000

   ▲ Next.js 14.0.4
   - Local:        http://localhost:3000
   - Environments: .env.local, .env

 ✓ Ready in 2.3s
 ✓ Compiled /middleware in 125ms (64 modules)
 ○ Compiling / ...
 ✓ Compiled / in 11.9s (13813 modules)
 ✓ Compiled in 777ms (5363 modules)
 ○ Compiling /dashboard/[storeSlug] ...
 ✓ Compiled /dashboard/[storeSlug]/pedidos in 5.1s (13526 modules)
 ○ Compiling /not-found ...
 ✓ Compiled /not-found in 971ms (8072 modules)
 ○ Compiling /store/[storeSlug] ...
 ✓ Compiled /store/[storeSlug] in 1557ms (13592 modules)
(node:40038) [DEP0060] DeprecationWarning: The `util._extend` API is deprecated. Please use Object.assign() instead.
(Use `node --trace-deprecation ...` to show where the warning was created)
 ○ Compiling /store/[storeSlug]/checkout ...
 ✓ Compiled /store/[storeSlug]/checkout in 1379ms (13598 modules)
 ✓ Compiled in 5.5s (13609 modules)
 ⨯ ./components/WelcomeNotification.tsx
Error: Failed to read source code from /Users/stecks/Documents/delivery-app/components/WelcomeNotification.tsx

Caused by:
    No such file or directory (os error 2)

Import trace for requested module:
./components/WelcomeNotification.tsx
./app/(dashboard)/dashboard/layout.tsx
 ✓ Compiled in 147.2s (13607 modules)
 ✓ Compiled in 65.1s (13593 modules)
 ✓ Compiled in 57.8s (13593 modules)
